<?xml version="1.0" encoding="UTF-8"?>
<!-- Generated by org.testng.reporters.JUnitXMLReporter -->
<testsuite ignored="0" hostname="RakeshPC" failures="2" tests="22" name="Regression suite " time="71.282" errors="0" timestamp="20 Nov 2018 05:29:08 GMT">
  <testcase classname="Rakesh.Test.TestNGBasic" name="anotherTest" time="0.012"/>
  <testcase classname="Rakesh.Test.TestNGBasic" name="googleTitleText" time="0.004"/>
  <testcase classname="Rakesh.Test.TestNGBasic" name="searchTest" time="0.004"/>
  <testcase classname="Rakesh.Test.GoogleTest" name="googleLogoTest" time="0.135"/>
  <testcase classname="Rakesh.Test.GoogleTest" name="googleTitleTest" time="0.026"/>
  <testcase classname="Rakesh.Test.GoogleTest" name="mailLinkTest" time="13.75">
    <failure type="java.lang.NullPointerException">
      <![CDATA[java.lang.NullPointerException
at Rakesh.Test.GoogleTest.mailLinkTest(GoogleTest.java:39)
... Removed 25 stack frames]]>
    </failure>
  </testcase> <!-- mailLinkTest -->
  <testcase classname="Rakesh.Test.GoogleTitleTest" name="googleLogoTest" time="0.116"/>
  <testcase classname="Rakesh.Test.GoogleTitleTest" name="googleTitleTest" time="0.024">
    <failure type="java.lang.AssertionError" message="title is not match expected [Google123] but found [Google]">
      <![CDATA[java.lang.AssertionError: title is not match expected [Google123] but found [Google]
at Rakesh.Test.GoogleTitleTest.googleTitleTest(GoogleTitleTest.java:33)
... Removed 30 stack frames]]>
    </failure>
  </testcase> <!-- googleTitleTest -->
  <testcase classname="Rakesh.Test.ExceptionTimeOutTest" name="Test1" time="0.0"/>
  <testcase classname="Rakesh.Test.InvocationCountTest" name="sum" time="0.004"/>
  <testcase classname="Rakesh.Test.InvocationCountTest" name="sum" time="0.0"/>
  <testcase classname="Rakesh.Test.InvocationCountTest" name="sum" time="0.004"/>
  <testcase classname="Rakesh.Test.InvocationCountTest" name="sum" time="0.0"/>
  <testcase classname="Rakesh.Test.InvocationCountTest" name="sum" time="0.004"/>
  <testcase classname="Rakesh.Test.InvocationCountTest" name="sum" time="0.004"/>
  <testcase classname="Rakesh.Test.InvocationCountTest" name="sum" time="0.004"/>
  <testcase classname="Rakesh.Test.InvocationCountTest" name="sum" time="0.004"/>
  <testcase classname="Rakesh.Test.InvocationCountTest" name="sum" time="0.004"/>
  <testcase classname="Rakesh.Test.InvocationCountTest" name="sum" time="0.02"/>
  <testcase classname="Rakesh.Test.TestNGFeature" name="LoginTest" time="0.004"/>
  <testcase classname="Rakesh.Test.TestNGFeature" name="HomeTest" time="0.0"/>
  <testcase classname="Rakesh.Test.TestNGFeature" name="SearchpageTest" time="0.004"/>
</testsuite> <!-- Regression suite  -->
